<?xml version="1.0" encoding="UTF-8"?>
<!-- Generated by org.testng.reporters.JUnitReportReporter -->
<testsuite hostname="WKMGB6689234" failures="0" tests="1" name="com.example02.UserServiceImplTest" time="0.626" errors="0" timestamp="01 Mar 2020 19:34:54 GMT" skipped="0">
  <testcase classname="com.example02.UserServiceImplTest" name="userAdapterTest" time="0.626"/>
</testsuite> <!-- com.example02.UserServiceImplTest -->
