<?xml version="1.0" encoding="UTF-8"?>
<!-- Generated by org.testng.reporters.JUnitReportReporter -->
<testsuite hostname="WKMGB6689234" failures="0" tests="1" name="com.example03.AdvertServiceImplTest" time="0.387" errors="0" timestamp="01 Mar 2020 23:30:25 GMT" skipped="0">
  <testcase classname="com.example03.AdvertServiceImplTest" name="repostForFreeTest" time="0.387"/>
</testsuite> <!-- com.example03.AdvertServiceImplTest -->
