<?xml version="1.0" encoding="UTF-8"?>
<!-- Generated by org.testng.reporters.JUnitReportReporter -->
<testsuite hostname="WKMGB6689234" failures="0" tests="6" name="com.example03.AdvertServiceTest" time="0.486" errors="0" timestamp="01 Mar 2020 18:43:03 GMT" skipped="0">
  <testcase classname="com.example03.AdvertServiceTest" name="canRepostForFreeFalseCheckTest" time="0.009"/>
  <testcase classname="com.example03.AdvertServiceTest" name="verifyingGetAdvertValidTest" time="0.002"/>
  <testcase classname="com.example03.AdvertServiceTest" name="canRepostForFreeNonExpiredAdAsFalseCheckTest" time="0.002"/>
  <testcase classname="com.example03.AdvertServiceTest" name="canRepostForFreeNonExpiredAdAsTrueCheckTest" time="0.001"/>
  <testcase classname="com.example03.AdvertServiceTest" name="verifyingGetAdvertInvalidTest" time="0.468"/>
  <testcase classname="com.example03.AdvertServiceTest" name="verifyingUpdateAdvertListTest" time="0.004"/>
</testsuite> <!-- com.example03.AdvertServiceTest -->
