<?xml version="1.0" encoding="UTF-8"?>
<!-- Generated by org.testng.reporters.JUnitReportReporter -->
<testsuite hostname="WKMGB6689234" failures="0" tests="1" name="com.gumtree.example02.UserAdapterTest" time="0.024" errors="0" timestamp="01 Mar 2020 00:33:47 GMT" skipped="0">
  <testcase classname="com.gumtree.example02.UserAdapterTest" name="userAdapterTest" time="0.024"/>
</testsuite> <!-- com.gumtree.example02.UserAdapterTest -->
